<?xml version="1.0" encoding="UTF-8"?>
<!-- Generated by org.testng.reporters.JUnitReportReporter -->
<testsuite hostname="Pratik" failures="0" tests="1" name="SDET201_Assignment_6.upload" time="2.351" errors="0" timestamp="2024-07-08T00:03:09 IST" skipped="0">
  <testcase classname="SDET201_Assignment_6.upload" name="task" time="2.351"/>
  <system-out/>
</testsuite> <!-- SDET201_Assignment_6.upload -->
