<?xml version="1.0" encoding="UTF-8"?>
<!-- Generated by org.testng.reporters.JUnitReportReporter -->
<testsuite hostname="Pratik" failures="0" tests="1" name="SDET201_Assignment_6.drag_drop_ss" time="4.664" errors="0" timestamp="2024-07-08T00:02:24 IST" skipped="0">
  <testcase classname="SDET201_Assignment_6.drag_drop_ss" name="task" time="4.664"/>
  <system-out/>
</testsuite> <!-- SDET201_Assignment_6.drag_drop_ss -->
